2026-04-06 10:12:29:1229 error: Get production lines error: Access denied for user ''@'localhost' (using password: NO)
2026-04-06 10:12:29:1229 error: Get production lines controller error: Access denied for user ''@'localhost' (using password: NO)
2026-04-06 10:12:29:1229 error: Error: Access denied for user ''@'localhost' (using password: NO)
2026-04-06 12:02:05:25 error: Update order error: 订单不存在
2026-04-06 12:02:05:25 error: Update order controller error: 订单不存在
2026-04-06 12:02:05:25 error: Error: 订单不存在
2026-04-06 12:02:53:253 error: Create order error: WHERE parameter "order_no" has invalid "undefined" value
2026-04-06 12:02:53:253 error: Create order controller error: WHERE parameter "order_no" has invalid "undefined" value
2026-04-06 12:02:53:253 error: Error: WHERE parameter "order_no" has invalid "undefined" value
2026-04-06 13:32:53:3253 error: Create sales order error: WHERE parameter "order_id" has invalid "undefined" value
2026-04-06 13:32:53:3253 error: Create sales order error: WHERE parameter "order_id" has invalid "undefined" value
2026-04-06 13:35:43:3543 error: Create production line error: WHERE parameter "line_id" has invalid "undefined" value
2026-04-06 23:53:33:5333 error: Get workpiece bill detail error: 工件清单不存在
2026-04-06 23:53:33:5333 error: Get workpiece bill detail error: 工件清单不存在
2026-04-07 00:18:12:1812 error: Create workpiece bill error: Access denied for user ''@'localhost' (using password: NO)
2026-04-07 00:25:36:2536 error: Create workpiece bill error: order.created_at.split is not a function
2026-04-07 00:25:36:2536 error: Create workpiece bill error: order.created_at.split is not a function
2026-04-07 00:27:58:2758 error: Get workpiece bill detail error: Unknown column 'deleted_at' in 'field list'
2026-04-07 00:27:58:2758 error: Create workpiece bill error: Unknown column 'deleted_at' in 'field list'
2026-04-07 00:31:21:3121 error: Create workpiece bill error: 该订单已存在工件清单
2026-04-07 00:31:21:3121 error: Create workpiece bill error: 该订单已存在工件清单
2026-04-07 09:21:35:2135 error: Get workpiece bill detail error: Unknown column 'deleted_at' in 'field list'
2026-04-07 09:21:35:2135 error: Update workpiece bill error: Unknown column 'deleted_at' in 'field list'
2026-04-07 09:23:06:236 error: Get workpiece bill detail error: Unknown column 'deleted_at' in 'field list'
2026-04-07 09:23:06:236 error: Create workpiece bill error: Unknown column 'deleted_at' in 'field list'
2026-04-07 09:23:25:2325 error: Create workpiece bill error: 该订单已存在工件清单
2026-04-07 09:23:25:2325 error: Create workpiece bill error: 该订单已存在工件清单
2026-04-07 09:23:44:2344 error: Create workpiece bill error: 该订单已存在工件清单
2026-04-07 09:23:44:2344 error: Create workpiece bill error: 该订单已存在工件清单
2026-04-07 09:24:47:2447 error: Create workpiece bill error: 该订单已存在工件清单
2026-04-07 09:24:47:2447 error: Create workpiece bill error: 该订单已存在工件清单
2026-04-07 09:25:24:2524 error: Create workpiece bill error: 该订单已存在工件清单
2026-04-07 09:25:24:2524 error: Create workpiece bill error: 该订单已存在工件清单
2026-04-07 09:27:11:2711 error: Get workpiece bill detail error: Unknown column 'deleted_at' in 'field list'
2026-04-07 09:27:11:2711 error: Create workpiece bill error: Unknown column 'deleted_at' in 'field list'
2026-04-07 09:34:25:3425 error: Get workpiece bill detail error: Unknown column 'deleted_at' in 'field list'
2026-04-07 09:34:25:3425 error: Get workpiece bill detail error: Unknown column 'deleted_at' in 'field list'
2026-04-07 09:53:42:5342 error: Create workpiece bill error: 该订单已存在工件清单
2026-04-07 09:53:42:5342 error: Create workpiece bill error: 该订单已存在工件清单
2026-04-07 09:54:43:5443 error: Get workpiece bill detail error: Unknown column 'deleted_at' in 'field list'
2026-04-07 09:54:43:5443 error: Get workpiece bill detail error: Unknown column 'deleted_at' in 'field list'
2026-04-07 09:56:56:5656 error: Get workpiece bill detail error: Unknown column 'deleted_at' in 'field list'
2026-04-07 09:56:56:5656 error: Get workpiece bill detail error: Unknown column 'deleted_at' in 'field list'
